<?xml version="1.0" encoding="UTF-8"?>
<!-- Generated by org.testng.reporters.JUnitReportReporter -->
<testsuite hostname="TL353" failures="0" tests="1" name="com.ecommercepoc.testcases.ItemDetailedPageTest" time="2.811" errors="0" timestamp="2023-05-17T13:54:11 IST" skipped="0">
  <testcase classname="com.ecommercepoc.testcases.ItemDetailedPageTest" name="addItemToCart" time="2.811"/>
  <system-out/>
</testsuite> <!-- com.ecommercepoc.testcases.ItemDetailedPageTest -->
