<?xml version="1.0" encoding="UTF-8"?>
<!-- Generated by org.testng.reporters.JUnitReportReporter -->
<testsuite hostname="TL353" failures="0" tests="3" name="com.ecommercepoc.testcases.loginPageTest" time="13.540" errors="0" timestamp="2023-05-18T11:57:36 IST" skipped="0">
  <testcase classname="com.ecommercepoc.testcases.loginPageTest" name="loginTest" time="2.754"/>
  <system-out/>
  <testcase classname="com.ecommercepoc.testcases.loginPageTest" name="verifyTitle" time="2.032"/>
  <system-out/>
  <testcase classname="com.ecommercepoc.testcases.loginPageTest" name="verifyLogo" time="8.754"/>
  <system-out/>
</testsuite> <!-- com.ecommercepoc.testcases.loginPageTest -->
