<?xml version="1.0" encoding="UTF-8"?>
<!-- Generated by org.testng.reporters.JUnitReportReporter -->
<testsuite hostname="TL353" failures="0" tests="1" name="com.ecommercepoc.testcases.CheckoutCompletePageTest" time="9.278" errors="0" timestamp="2023-05-16T11:38:46 IST" skipped="0">
  <testcase classname="com.ecommercepoc.testcases.CheckoutCompletePageTest" name="verifyCOnfifrmOrder" time="9.278"/>
  <system-out/>
</testsuite> <!-- com.ecommercepoc.testcases.CheckoutCompletePageTest -->
