<?xml version="1.0" encoding="UTF-8"?>
<!-- Generated by org.testng.reporters.JUnitReportReporter -->
<testsuite hostname="TL353" failures="0" tests="2" name="com.ecommercepoc.testcases.InventoryPageTest" time="7.520" errors="0" timestamp="2023-05-16T11:38:46 IST" skipped="0">
  <testcase classname="com.ecommercepoc.testcases.InventoryPageTest" name="verifyProductprsence" time="3.730"/>
  <system-out/>
  <testcase classname="com.ecommercepoc.testcases.InventoryPageTest" name="selectAnItem" time="3.790"/>
  <system-out/>
</testsuite> <!-- com.ecommercepoc.testcases.InventoryPageTest -->
