<?xml version="1.0" encoding="UTF-8"?>
<!-- Generated by org.testng.reporters.JUnitReportReporter -->
<testsuite hostname="TL353" failures="0" tests="3" name="com.ecommercepoc.testcases.loginPageTest" time="5.763" errors="0" timestamp="2023-05-12T13:03:37 IST" skipped="0">
  <testcase classname="com.ecommercepoc.testcases.loginPageTest" name="loginTest" time="2.241"/>
  <system-out/>
  <testcase classname="com.ecommercepoc.testcases.loginPageTest" name="verifyLogo" time="1.890"/>
  <system-out/>
  <testcase classname="com.ecommercepoc.testcases.loginPageTest" name="verifyTitle" time="1.632"/>
  <system-out/>
</testsuite> <!-- com.ecommercepoc.testcases.loginPageTest -->
