<?xml version="1.0" encoding="UTF-8"?>
<!-- Generated by org.testng.reporters.JUnitReportReporter -->
<testsuite hostname="TL353" failures="0" tests="2" name="com.ecommercepoc.testcases.InventoryPageTest" time="5.874" errors="0" timestamp="2023-05-18T11:57:36 IST" skipped="0">
  <testcase classname="com.ecommercepoc.testcases.InventoryPageTest" name="selectAnItem" time="3.293"/>
  <system-out/>
  <testcase classname="com.ecommercepoc.testcases.InventoryPageTest" name="verifyProductprsence" time="2.581"/>
  <system-out/>
</testsuite> <!-- com.ecommercepoc.testcases.InventoryPageTest -->
