<?xml version="1.0" encoding="UTF-8"?>
<!-- Generated by org.testng.reporters.JUnitReportReporter -->
<testsuite hostname="TL353" failures="0" tests="3" name="com.ecommercepoc.testcases.loginPageTest" time="6.978" errors="0" timestamp="2023-05-18T16:42:57 IST" skipped="0">
  <testcase classname="com.ecommercepoc.testcases.loginPageTest" name="loginTest" time="2.519"/>
  <system-out/>
  <testcase classname="com.ecommercepoc.testcases.loginPageTest" name="verifyLogo" time="2.631"/>
  <system-out/>
  <testcase classname="com.ecommercepoc.testcases.loginPageTest" name="verifyTitle" time="1.828"/>
  <system-out/>
</testsuite> <!-- com.ecommercepoc.testcases.loginPageTest -->
