<?xml version="1.0" encoding="UTF-8"?>
<!-- Generated by org.testng.reporters.JUnitReportReporter -->
<testsuite hostname="TL353" failures="0" tests="1" name="com.ecommercepoc.testcases.CheckoutOverviewPageTest" time="11.584" errors="0" timestamp="2023-05-16T11:38:46 IST" skipped="0">
  <testcase classname="com.ecommercepoc.testcases.CheckoutOverviewPageTest" name="verifyTotalPrice" time="11.584"/>
  <system-out/>
</testsuite> <!-- com.ecommercepoc.testcases.CheckoutOverviewPageTest -->
