<?xml version="1.0" encoding="UTF-8"?>
<!-- Generated by org.testng.reporters.JUnitReportReporter -->
<testsuite hostname="TL353" failures="0" tests="1" name="com.ecommercepoc.testcases.CheckoutOverviewPageTest" time="3.422" errors="0" timestamp="2023-05-18T12:22:59 IST" skipped="0">
  <testcase classname="com.ecommercepoc.testcases.CheckoutOverviewPageTest" name="verifyTotalPrice" time="3.422"/>
  <system-out/>
</testsuite> <!-- com.ecommercepoc.testcases.CheckoutOverviewPageTest -->
