<?xml version="1.0" encoding="UTF-8"?>
<!-- Generated by org.testng.reporters.JUnitReportReporter -->
<testsuite hostname="TL353" failures="0" tests="2" name="com.ecommercepoc.testcases.InventoryPageTest" time="4.762" errors="0" timestamp="2023-05-17T13:54:11 IST" skipped="0">
  <testcase classname="com.ecommercepoc.testcases.InventoryPageTest" name="verifyProductprsence" time="2.322"/>
  <system-out/>
  <testcase classname="com.ecommercepoc.testcases.InventoryPageTest" name="selectAnItem" time="2.440"/>
  <system-out/>
</testsuite> <!-- com.ecommercepoc.testcases.InventoryPageTest -->
