<?xml version="1.0" encoding="UTF-8"?>
<!-- Generated by org.testng.reporters.JUnitReportReporter -->
<testsuite hostname="TL353" failures="0" tests="3" name="com.ecommercepoc.testcases.loginPageTest" time="5.697" errors="0" timestamp="2023-05-12T11:59:33 IST" skipped="0">
  <testcase classname="com.ecommercepoc.testcases.loginPageTest" name="loginTest" time="2.160"/>
  <system-out/>
  <testcase classname="com.ecommercepoc.testcases.loginPageTest" name="verifyTitle" time="1.749"/>
  <system-out/>
  <testcase classname="com.ecommercepoc.testcases.loginPageTest" name="verifyLogo" time="1.788"/>
  <system-out/>
</testsuite> <!-- com.ecommercepoc.testcases.loginPageTest -->
