<?xml version="1.0" encoding="UTF-8"?>
<!-- Generated by org.testng.reporters.JUnitReportReporter -->
<testsuite hostname="TL353" failures="0" tests="1" name="com.ecommercepoc.testcases.CheckoutPageTest" time="5.838" errors="0" timestamp="2023-05-18T11:57:36 IST" skipped="0">
  <testcase classname="com.ecommercepoc.testcases.CheckoutPageTest" name="checkoutInformation" time="5.838"/>
  <system-out/>
</testsuite> <!-- com.ecommercepoc.testcases.CheckoutPageTest -->
