<?xml version="1.0" encoding="UTF-8"?>
<!-- Generated by org.testng.reporters.JUnitReportReporter -->
<testsuite hostname="TL353" failures="0" tests="3" name="com.ecommercepoc.testcases.loginPageTest" time="6.106" errors="0" timestamp="2023-05-18T12:22:59 IST" skipped="0">
  <testcase classname="com.ecommercepoc.testcases.loginPageTest" name="loginTest" time="2.396"/>
  <system-out/>
  <testcase classname="com.ecommercepoc.testcases.loginPageTest" name="verifyLogo" time="2.003"/>
  <system-out/>
  <testcase classname="com.ecommercepoc.testcases.loginPageTest" name="verifyTitle" time="1.707"/>
  <system-out/>
</testsuite> <!-- com.ecommercepoc.testcases.loginPageTest -->
