<?xml version="1.0" encoding="UTF-8"?>
<!-- Generated by org.testng.reporters.JUnitReportReporter -->
<testsuite hostname="TL353" failures="0" tests="1" name="com.ecommercepoc.testcases.ItemDetailedPageTest" time="4.721" errors="0" timestamp="2023-05-18T16:42:57 IST" skipped="0">
  <testcase classname="com.ecommercepoc.testcases.ItemDetailedPageTest" name="addItemToCart" time="4.721"/>
  <system-out/>
</testsuite> <!-- com.ecommercepoc.testcases.ItemDetailedPageTest -->
